ERROR - 2015-10-19T20:43:47+00:00 - exception 'ErrorException' with message 'Undefined variable: app' in /var/www/web/api/index.php:50
Stack trace:
#0 /var/www/web/api/index.php(50): Slim\Slim::handleErrors(8, 'Undefined varia...', '/var/www/web/ap...', 50, Array)
#1 [internal function]: {closure}()
#2 /var/www/vendor/slim/slim/Slim/Route.php(468): call_user_func_array(Object(Closure), Array)
#3 /var/www/vendor/slim/slim/Slim/Slim.php(1357): Slim\Route->dispatch()
#4 /var/www/vendor/slim/slim/Slim/Middleware/Flash.php(85): Slim\Slim->call()
#5 /var/www/vendor/slim/slim/Slim/Middleware/MethodOverride.php(92): Slim\Middleware\Flash->call()
#6 /var/www/vendor/slim/slim/Slim/Middleware/PrettyExceptions.php(67): Slim\Middleware\MethodOverride->call()
#7 /var/www/vendor/slim/slim/Slim/Slim.php(1302): Slim\Middleware\PrettyExceptions->call()
#8 /var/www/web/api/index.php(132): Slim\Slim->run()
#9 {main}
DEBUG - 2015-10-19T21:15:24+00:00 - hugues
DEBUG - 2015-10-19T21:18:30+00:00 - 
DEBUG - 2015-10-19T21:20:20+00:00 - 
DEBUG - 2015-10-19T21:20:26+00:00 - 
DEBUG - 2015-10-19T21:27:38+00:00 - 
DEBUG - 2015-10-19T21:28:00+00:00 - 
DEBUG - 2015-10-19T21:28:26+00:00 - 
DEBUG - 2015-10-19T21:30:08+00:00 - 
